<?xml version="1.0" encoding="utf-8"?><testsuites name="pytest tests"><testsuite name="pytest" errors="0" failures="0" skipped="0" tests="12" time="9.580" timestamp="2026-03-15T04:07:22.681062+00:00" hostname="agent-env-d1161b36-d3ef-45eb-b104-ae7bb931bbe8"><testcase classname="backend.tests.test_account_deletion.TestAccountDeletionPasswordAuth" name="test_delete_account_correct_password" time="1.023" /><testcase classname="backend.tests.test_account_deletion.TestAccountDeletionPasswordAuth" name="test_delete_account_wrong_password" time="0.687" /><testcase classname="backend.tests.test_account_deletion.TestAccountDeletionPasswordAuth" name="test_delete_account_no_password" time="0.493" /><testcase classname="backend.tests.test_account_deletion.TestAccountDeletionPasswordAuth" name="test_delete_account_empty_payload" time="0.475" /><testcase classname="backend.tests.test_account_deletion.TestCommunityOwnerDeletion" name="test_owner_deletion_blocked_with_other_members" time="1.126" /><testcase classname="backend.tests.test_account_deletion.TestCommunityOwnerDeletion" name="test_member_can_delete_while_owner_exists" time="1.158" /><testcase classname="backend.tests.test_account_deletion.TestCommunityOwnerDeletion" name="test_owner_can_delete_after_sole_member" time="1.504" /><testcase classname="backend.tests.test_account_deletion.TestSoleOwnerDeletion" name="test_sole_owner_deletion_cascades" time="0.783" /><testcase classname="backend.tests.test_account_deletion.TestTokenInvalidation" name="test_token_invalid_after_deletion" time="0.901" /><testcase classname="backend.tests.test_account_deletion.TestTokenInvalidation" name="test_all_endpoints_blocked_after_deletion" time="1.104" /><testcase classname="backend.tests.test_account_deletion.TestUnauthorizedDeletion" name="test_delete_without_auth_returns_401" time="0.106" /><testcase classname="backend.tests.test_account_deletion.TestUnauthorizedDeletion" name="test_delete_with_invalid_token_returns_401" time="0.109" /></testsuite></testsuites>