<?xml version="1.0" encoding="utf-8"?><testsuites name="pytest tests"><testsuite name="pytest" errors="0" failures="0" skipped="0" tests="23" time="7.667" timestamp="2026-03-15T08:40:41.985185+00:00" hostname="agent-env-f1c9edb5-4ec8-4f79-8617-5bb536817c9b"><testcase classname="backend.tests.test_capacitor_native.TestPushTokenStorage" name="test_push_token_save_success" time="0.513" /><testcase classname="backend.tests.test_capacitor_native.TestPushTokenStorage" name="test_push_token_empty_returns_false" time="0.443" /><testcase classname="backend.tests.test_capacitor_native.TestPushTokenStorage" name="test_push_token_requires_auth" time="0.488" /><testcase classname="backend.tests.test_capacitor_native.TestRevenueCatConfig" name="test_revenuecat_config_returns_bundle_id" time="0.094" /><testcase classname="backend.tests.test_capacitor_native.TestRevenueCatConfig" name="test_revenuecat_config_returns_entitlements" time="0.099" /><testcase classname="backend.tests.test_capacitor_native.TestRevenueCatConfig" name="test_revenuecat_config_returns_tier_mapping" time="0.101" /><testcase classname="backend.tests.test_capacitor_native.TestRevenueCatConfig" name="test_revenuecat_config_returns_webhook_url" time="0.097" /><testcase classname="backend.tests.test_capacitor_native.TestRevenueCatConfig" name="test_revenuecat_config_returns_platform" time="0.102" /><testcase classname="backend.tests.test_capacitor_native.TestRevenueCatOfferings" name="test_revenuecat_offerings_endpoint_exists" time="0.523" /><testcase classname="backend.tests.test_capacitor_native.TestRevenueCatOfferings" name="test_revenuecat_offerings_requires_auth" time="0.424" /><testcase classname="backend.tests.test_capacitor_native.TestRevenueCatRestore" name="test_revenuecat_restore_endpoint_exists" time="0.507" /><testcase classname="backend.tests.test_capacitor_native.TestRevenueCatRestore" name="test_revenuecat_restore_requires_auth" time="0.421" /><testcase classname="backend.tests.test_capacitor_native.TestPWAManifest" name="test_manifest_accessible" time="0.105" /><testcase classname="backend.tests.test_capacitor_native.TestPWAManifest" name="test_manifest_has_correct_bundle_id" time="0.091" /><testcase classname="backend.tests.test_capacitor_native.TestPWAManifest" name="test_manifest_has_correct_name" time="0.116" /><testcase classname="backend.tests.test_capacitor_native.TestRegressionAuth" name="test_login_works" time="0.356" /><testcase classname="backend.tests.test_capacitor_native.TestRegressionAuth" name="test_auth_me_works" time="0.430" /><testcase classname="backend.tests.test_capacitor_native.TestRegressionActivityFeed" name="test_activity_feed_loads" time="0.462" /><testcase classname="backend.tests.test_capacitor_native.TestRegressionMemories" name="test_memories_list_works" time="0.471" /><testcase classname="backend.tests.test_capacitor_native.TestRegressionKinshipMap" name="test_kinship_graph_works" time="0.434" /><testcase classname="backend.tests.test_capacitor_native.TestRegressionSubscriptions" name="test_subscription_plans_works" time="0.427" /><testcase classname="backend.tests.test_capacitor_native.TestRegressionSubscriptions" name="test_addons_catalog_works" time="0.426" /><testcase classname="backend.tests.test_capacitor_native.TestRegressionEvents" name="test_events_list_works" time="0.437" /></testsuite></testsuites>