<?xml version="1.0" encoding="utf-8"?><testsuites name="pytest tests"><testsuite name="pytest" errors="0" failures="0" skipped="0" tests="11" time="6.278" timestamp="2026-03-15T04:44:26.697489+00:00" hostname="agent-env-d1161b36-d3ef-45eb-b104-ae7bb931bbe8"><testcase classname="backend.tests.test_inline_editing.TestInlineEditingFeature" name="test_login_works" time="0.473" /><testcase classname="backend.tests.test_inline_editing.TestInlineEditingFeature" name="test_get_subyards_list" time="0.460" /><testcase classname="backend.tests.test_inline_editing.TestInlineEditingFeature" name="test_create_subyard_for_edit_test" time="0.445" /><testcase classname="backend.tests.test_inline_editing.TestInlineEditingFeature" name="test_put_subyard_updates_name_and_description" time="0.793" /><testcase classname="backend.tests.test_inline_editing.TestInlineEditingFeature" name="test_get_announcements_list" time="0.434" /><testcase classname="backend.tests.test_inline_editing.TestInlineEditingFeature" name="test_create_announcement_for_edit_test" time="0.459" /><testcase classname="backend.tests.test_inline_editing.TestInlineEditingFeature" name="test_put_announcement_updates_title_and_body" time="0.836" /><testcase classname="backend.tests.test_inline_editing.TestInlineEditingFeature" name="test_put_subyard_returns_404_for_invalid_id" time="0.455" /><testcase classname="backend.tests.test_inline_editing.TestInlineEditingFeature" name="test_put_announcement_returns_404_for_invalid_id" time="0.442" /><testcase classname="backend.tests.test_inline_editing.TestInlineEditingFeature" name="test_delete_subyard_still_works" time="0.681" /><testcase classname="backend.tests.test_inline_editing.TestInlineEditingFeature" name="test_delete_announcement_still_works" time="0.716" /></testsuite></testsuites>