<?xml version="1.0" encoding="utf-8"?><testsuites name="pytest tests"><testsuite name="pytest" errors="0" failures="1" skipped="1" tests="24" time="2.613" timestamp="2026-03-15T04:35:46.313392+00:00" hostname="agent-env-d1161b36-d3ef-45eb-b104-ae7bb931bbe8"><testcase classname="backend.tests.test_iter12_regression.TestBackendHealth" name="test_health_check" time="0.229" /><testcase classname="backend.tests.test_iter12_regression.TestBackendHealth" name="test_existing_user_login" time="0.320" /><testcase classname="backend.tests.test_iter12_regression.TestBackendHealth" name="test_courtyard_home" time="0.346" /><testcase classname="backend.tests.test_iter12_regression.TestBackendHealth" name="test_polls_endpoint" time="0.061" /><testcase classname="backend.tests.test_iter12_regression.TestBackendHealth" name="test_notifications_unread_count" time="0.053" /><testcase classname="backend.tests.test_iter12_regression.TestSubyardsCRUD" name="test_create_subyard" time="0.052" /><testcase classname="backend.tests.test_iter12_regression.TestSubyardsCRUD" name="test_list_subyards" time="0.052" /><testcase classname="backend.tests.test_iter12_regression.TestSubyardsCRUD" name="test_update_subyard" time="0.129" /><testcase classname="backend.tests.test_iter12_regression.TestSubyardsCRUD" name="test_delete_subyard" time="0.105" /><testcase classname="backend.tests.test_iter12_regression.TestKinshipCRUD" name="test_create_kinship" time="0.049" /><testcase classname="backend.tests.test_iter12_regression.TestKinshipCRUD" name="test_list_kinship" time="0.062" /><testcase classname="backend.tests.test_iter12_regression.TestKinshipCRUD" name="test_delete_kinship" time="0.104" /><testcase classname="backend.tests.test_iter12_regression.TestAnnouncementsCRUD" name="test_create_announcement" time="0.049" /><testcase classname="backend.tests.test_iter12_regression.TestAnnouncementsCRUD" name="test_list_announcements" time="0.051" /><testcase classname="backend.tests.test_iter12_regression.TestAnnouncementsCRUD" name="test_update_announcement" time="0.102" /><testcase classname="backend.tests.test_iter12_regression.TestAnnouncementsCRUD" name="test_delete_announcement" time="0.103" /><testcase classname="backend.tests.test_iter12_regression.TestBudgetPlansCRUD" name="test_create_budget" time="0.051" /><testcase classname="backend.tests.test_iter12_regression.TestBudgetPlansCRUD" name="test_list_budgets" time="0.051" /><testcase classname="backend.tests.test_iter12_regression.TestBudgetPlansCRUD" name="test_update_budget" time="0.100" /><testcase classname="backend.tests.test_iter12_regression.TestBudgetPlansCRUD" name="test_delete_budget" time="0.096" /><testcase classname="backend.tests.test_iter12_regression.TestTravelPlansCRUD" name="test_create_travel_plan" time="0.060"><failure message="AssertionError: Create travel plan failed: {&quot;detail&quot;:&quot;Event not found.&quot;}&#10;assert 404 == 200&#10; +  where 404 = &lt;Response [404]&gt;.status_code">backend/tests/test_iter12_regression.py:461: in test_create_travel_plan
    assert response.status_code == 200, f"Create travel plan failed: {response.text}"
E   AssertionError: Create travel plan failed: {"detail":"Event not found."}
E   assert 404 == 200
E    +  where 404 = &lt;Response [404]&gt;.status_code</failure></testcase><testcase classname="backend.tests.test_iter12_regression.TestTravelPlansCRUD" name="test_list_travel_plans" time="0.051" /><testcase classname="backend.tests.test_iter12_regression.TestTravelPlansCRUD" name="test_delete_travel_plan" time="0.054"><skipped type="pytest.skip" message="Cannot create travel plan for delete test: {&quot;detail&quot;:&quot;Event not found.&quot;}">/app/backend/tests/test_iter12_regression.py:490: Cannot create travel plan for delete test: {"detail":"Event not found."}</skipped></testcase><testcase classname="backend.tests.test_iter12_regression.TestChatMessagesCRUD" name="test_create_and_delete_chat_message" time="0.167" /></testsuite></testsuites>