<?xml version="1.0" encoding="utf-8"?><testsuites name="pytest tests"><testsuite name="pytest" errors="0" failures="0" skipped="0" tests="16" time="2.528" timestamp="2026-03-15T03:40:17.611936+00:00" hostname="agent-env-d1161b36-d3ef-45eb-b104-ae7bb931bbe8"><testcase classname="backend.tests.test_notification_system_phase2.TestNotificationUnreadCount" name="test_unread_count_returns_200" time="0.486" /><testcase classname="backend.tests.test_notification_system_phase2.TestNotificationUnreadCount" name="test_fresh_user_has_zero_unread" time="0.419" /><testcase classname="backend.tests.test_notification_system_phase2.TestNotificationMarkRead" name="test_mark_read_returns_marked_count" time="0.070" /><testcase classname="backend.tests.test_notification_system_phase2.TestNotificationMarkRead" name="test_mark_read_clears_unread" time="0.134" /><testcase classname="backend.tests.test_notification_system_phase2.TestNotificationHistory" name="test_history_returns_items_array" time="0.060" /><testcase classname="backend.tests.test_notification_system_phase2.TestNotificationHistory" name="test_history_items_have_is_read_field" time="0.061" /><testcase classname="backend.tests.test_notification_system_phase2.TestNotificationHistory" name="test_fresh_user_empty_history" time="0.056" /><testcase classname="backend.tests.test_notification_system_phase2.TestNotificationPreferences" name="test_get_preferences_returns_defaults" time="0.045" /><testcase classname="backend.tests.test_notification_system_phase2.TestNotificationPreferences" name="test_update_preferences_persists" time="0.090" /><testcase classname="backend.tests.test_notification_system_phase2.TestNotificationTriggers" name="test_event_creation_triggers_notification" time="0.151" /><testcase classname="backend.tests.test_notification_system_phase2.TestNotificationTriggers" name="test_announcement_creation_triggers_notification" time="0.140" /><testcase classname="backend.tests.test_notification_system_phase2.TestNotificationEndpointsRequireAuth" name="test_unread_count_requires_auth" time="0.112" /><testcase classname="backend.tests.test_notification_system_phase2.TestNotificationEndpointsRequireAuth" name="test_history_requires_auth" time="0.146" /><testcase classname="backend.tests.test_notification_system_phase2.TestNotificationEndpointsRequireAuth" name="test_preferences_get_requires_auth" time="0.167" /><testcase classname="backend.tests.test_notification_system_phase2.TestNotificationEndpointsRequireAuth" name="test_preferences_put_requires_auth" time="0.205" /><testcase classname="backend.tests.test_notification_system_phase2.TestNotificationEndpointsRequireAuth" name="test_mark_read_requires_auth" time="0.128" /></testsuite></testsuites>