<?xml version="1.0" encoding="utf-8"?><testsuites name="pytest tests"><testsuite name="pytest" errors="0" failures="2" skipped="1" tests="20" time="2.614" timestamp="2026-03-15T04:26:56.931874+00:00" hostname="agent-env-d1161b36-d3ef-45eb-b104-ae7bb931bbe8"><testcase classname="backend.tests.test_ownership_transfer_and_crud.TestOwnershipTransfer" name="test_list_community_members" time="0.806" /><testcase classname="backend.tests.test_ownership_transfer_and_crud.TestOwnershipTransfer" name="test_transfer_blocks_self_transfer" time="0.060" /><testcase classname="backend.tests.test_ownership_transfer_and_crud.TestOwnershipTransfer" name="test_transfer_blocks_non_host_users" time="0.055" /><testcase classname="backend.tests.test_ownership_transfer_and_crud.TestOwnershipTransfer" name="test_transfer_blocks_invalid_user" time="0.055" /><testcase classname="backend.tests.test_ownership_transfer_and_crud.TestOwnershipTransfer" name="test_transfer_ownership_success" time="0.129" /><testcase classname="backend.tests.test_ownership_transfer_and_crud.TestBackendRefactoring" name="test_root_endpoint" time="0.050" /><testcase classname="backend.tests.test_ownership_transfer_and_crud.TestBackendRefactoring" name="test_polls_endpoint" time="0.050" /><testcase classname="backend.tests.test_ownership_transfer_and_crud.TestBackendRefactoring" name="test_notifications_unread_count" time="0.056" /><testcase classname="backend.tests.test_ownership_transfer_and_crud.TestBackendRefactoring" name="test_courtyard_home" time="0.065" /><testcase classname="backend.tests.test_ownership_transfer_and_crud.TestKinshipCRUD" name="test_create_and_delete_kinship" time="0.054"><failure message="AssertionError: Create kinship failed: Internal Server Error&#10;assert 500 == 200&#10; +  where 500 = &lt;Response [500]&gt;.status_code">backend/tests/test_ownership_transfer_and_crud.py:217: in test_create_and_delete_kinship
    assert create_response.status_code == 200, f"Create kinship failed: {create_response.text}"
E   AssertionError: Create kinship failed: Internal Server Error
E   assert 500 == 200
E    +  where 500 = &lt;Response [500]&gt;.status_code</failure></testcase><testcase classname="backend.tests.test_ownership_transfer_and_crud.TestKinshipCRUD" name="test_delete_nonexistent_kinship" time="0.050" /><testcase classname="backend.tests.test_ownership_transfer_and_crud.TestAnnouncementsCRUD" name="test_update_announcement" time="0.111" /><testcase classname="backend.tests.test_ownership_transfer_and_crud.TestAnnouncementsCRUD" name="test_delete_announcement" time="0.108" /><testcase classname="backend.tests.test_ownership_transfer_and_crud.TestBudgetPlansCRUD" name="test_update_budget_plan" time="0.104" /><testcase classname="backend.tests.test_ownership_transfer_and_crud.TestBudgetPlansCRUD" name="test_delete_budget_plan" time="0.106" /><testcase classname="backend.tests.test_ownership_transfer_and_crud.TestSubyardsCRUD" name="test_list_subyards" time="0.057" /><testcase classname="backend.tests.test_ownership_transfer_and_crud.TestSubyardsCRUD" name="test_update_subyard" time="0.107"><failure message="assert 500 == 200&#10; +  where 500 = &lt;Response [500]&gt;.status_code">backend/tests/test_ownership_transfer_and_crud.py:416: in test_update_subyard
    assert response.status_code == 200
E   assert 500 == 200
E    +  where 500 = &lt;Response [500]&gt;.status_code</failure></testcase><testcase classname="backend.tests.test_ownership_transfer_and_crud.TestChatMessageDelete" name="test_delete_chat_message" time="0.114"><skipped type="pytest.skip" message="Cannot create chat message: Internal Server Error">/app/backend/tests/test_ownership_transfer_and_crud.py:446: Cannot create chat message: Internal Server Error</skipped></testcase><testcase classname="backend.tests.test_ownership_transfer_and_crud.TestTravelPlansCRUD" name="test_list_travel_plans" time="0.054" /><testcase classname="backend.tests.test_ownership_transfer_and_crud.TestExistingUserLogin" name="test_login_with_test_credentials" time="0.279" /></testsuite></testsuites>