<?xml version="1.0" encoding="utf-8"?><testsuites name="pytest tests"><testsuite name="pytest" errors="0" failures="0" skipped="0" tests="17" time="5.354" timestamp="2026-03-15T07:32:01.218984+00:00" hostname="agent-env-f1c9edb5-4ec8-4f79-8617-5bb536817c9b"><testcase classname="backend.tests.test_p1_features.TestAddOnsCatalog" name="test_catalog_returns_5_addons" time="0.551" /><testcase classname="backend.tests.test_p1_features.TestAddOnsCatalog" name="test_catalog_addon_structure" time="0.098" /><testcase classname="backend.tests.test_p1_features.TestAddOnsCatalog" name="test_catalog_addon_categories" time="0.096" /><testcase classname="backend.tests.test_p1_features.TestAddOnsCatalog" name="test_catalog_addon_ids" time="0.137" /><testcase classname="backend.tests.test_p1_features.TestAddOnsCheckout" name="test_checkout_creates_session" time="0.669" /><testcase classname="backend.tests.test_p1_features.TestAddOnsCheckout" name="test_checkout_invalid_addon" time="0.097" /><testcase classname="backend.tests.test_p1_features.TestAddOnsCheckout" name="test_checkout_all_addons" time="2.372" /><testcase classname="backend.tests.test_p1_features.TestAddOnsPurchased" name="test_purchased_returns_list" time="0.109" /><testcase classname="backend.tests.test_p1_features.TestKinshipGroups" name="test_groups_returns_data" time="0.103" /><testcase classname="backend.tests.test_p1_features.TestKinshipGroups" name="test_groups_member_structure" time="0.100" /><testcase classname="backend.tests.test_p1_features.TestKinshipGroups" name="test_groups_relationship_structure" time="0.097" /><testcase classname="backend.tests.test_p1_features.TestRegressionAuth" name="test_login_works" time="0.323" /><testcase classname="backend.tests.test_p1_features.TestRegressionActivityFeed" name="test_activity_feed_works" time="0.103" /><testcase classname="backend.tests.test_p1_features.TestRegressionKinshipMap" name="test_kinship_graph_works" time="0.098" /><testcase classname="backend.tests.test_p1_features.TestRegressionLegacyThreads" name="test_threads_list_works" time="0.099" /><testcase classname="backend.tests.test_p1_features.TestRegressionMemories" name="test_memories_list_works" time="0.122" /><testcase classname="backend.tests.test_p1_features.TestRegressionRevenueCat" name="test_revenuecat_status_works" time="0.111" /></testsuite></testsuites>