<?xml version="1.0" encoding="utf-8"?><testsuites name="pytest tests"><testsuite name="pytest" errors="0" failures="0" skipped="0" tests="16" time="7.851" timestamp="2026-03-15T07:11:26.815432+00:00" hostname="agent-env-f1c9edb5-4ec8-4f79-8617-5bb536817c9b"><testcase classname="tests.test_p2_backlog.TestAuthAndRegression" name="test_login_success" time="0.439" /><testcase classname="tests.test_p2_backlog.TestAuthAndRegression" name="test_courtyard_home" time="0.444" /><testcase classname="tests.test_p2_backlog.TestAITagging" name="test_memory_create_returns_sentiment_mood" time="0.828" /><testcase classname="tests.test_p2_backlog.TestAITagging" name="test_memories_list_contains_sentiment_mood" time="0.441" /><testcase classname="tests.test_p2_backlog.TestAITagging" name="test_batch_retag_endpoint" time="1.861" /><testcase classname="tests.test_p2_backlog.TestRevenueCat" name="test_revenuecat_status_endpoint" time="0.445" /><testcase classname="tests.test_p2_backlog.TestRevenueCat" name="test_revenuecat_webhook_initial_purchase" time="0.101" /><testcase classname="tests.test_p2_backlog.TestRevenueCat" name="test_revenuecat_webhook_cancellation" time="0.100" /><testcase classname="tests.test_p2_backlog.TestRevenueCat" name="test_revenuecat_webhook_no_user_id" time="0.101" /><testcase classname="tests.test_p2_backlog.TestRegressionEndpoints" name="test_activity_feed" time="0.449" /><testcase classname="tests.test_p2_backlog.TestRegressionEndpoints" name="test_timeline_archive" time="0.431" /><testcase classname="tests.test_p2_backlog.TestRegressionEndpoints" name="test_timeline_export" time="0.425" /><testcase classname="tests.test_p2_backlog.TestRegressionEndpoints" name="test_kinship_graph" time="0.420" /><testcase classname="tests.test_p2_backlog.TestRegressionEndpoints" name="test_threads_list" time="0.437" /><testcase classname="tests.test_p2_backlog.TestRegressionEndpoints" name="test_events_list" time="0.426" /><testcase classname="tests.test_p2_backlog.TestRegressionEndpoints" name="test_communities_mine" time="0.424" /></testsuite></testsuites>