<?xml version="1.0" encoding="utf-8"?><testsuites name="pytest tests"><testsuite name="pytest" errors="0" failures="5" skipped="0" tests="31" time="6.766" timestamp="2026-03-15T06:40:20.266437+00:00" hostname="agent-env-f1c9edb5-4ec8-4f79-8617-5bb536817c9b"><testcase classname="backend.tests.test_phase1_features.TestAuthentication" name="test_login_success" time="0.399" /><testcase classname="backend.tests.test_phase1_features.TestAuthentication" name="test_auth_me_endpoint" time="0.143"><failure message="KeyError: 'email'">backend/tests/test_phase1_features.py:51: in test_auth_me_endpoint
    assert data["email"] == "refactor-test@kindred.app"
           ^^^^^^^^^^^^^
E   KeyError: 'email'</failure></testcase><testcase classname="backend.tests.test_phase1_features.TestActivityFeed" name="test_activity_feed_returns_paginated_data" time="0.431" /><testcase classname="backend.tests.test_phase1_features.TestActivityFeed" name="test_activity_feed_pagination" time="0.106" /><testcase classname="backend.tests.test_phase1_features.TestActivityFeed" name="test_activity_feed_filter_by_type" time="0.224" /><testcase classname="backend.tests.test_phase1_features.TestActivityFeed" name="test_activity_feed_item_structure" time="0.102" /><testcase classname="backend.tests.test_phase1_features.TestEventInlineEditing" name="test_event_update_title" time="0.534" /><testcase classname="backend.tests.test_phase1_features.TestEventInlineEditing" name="test_event_update_multiple_fields" time="0.177" /><testcase classname="backend.tests.test_phase1_features.TestEventInlineEditing" name="test_event_verify_persistence" time="0.103" /><testcase classname="backend.tests.test_phase1_features.TestEventInlineEditing" name="test_event_delete" time="0.104" /><testcase classname="backend.tests.test_phase1_features.TestEventInlineEditing" name="test_event_delete_verification" time="0.106" /><testcase classname="backend.tests.test_phase1_features.TestMemoryInlineEditing" name="test_memory_update_title" time="1.064" /><testcase classname="backend.tests.test_phase1_features.TestMemoryInlineEditing" name="test_memory_update_description" time="0.108" /><testcase classname="backend.tests.test_phase1_features.TestMemoryInlineEditing" name="test_memory_verify_persistence" time="0.093" /><testcase classname="backend.tests.test_phase1_features.TestMemoryInlineEditing" name="test_memory_delete" time="0.106" /><testcase classname="backend.tests.test_phase1_features.TestMemoryInlineEditing" name="test_memory_delete_verification" time="0.111" /><testcase classname="backend.tests.test_phase1_features.TestMemoryInlineEditing" name="test_cleanup_test_event" time="0.135" /><testcase classname="backend.tests.test_phase1_features.TestTimelineExport" name="test_timeline_export_json" time="0.462" /><testcase classname="backend.tests.test_phase1_features.TestTimelineExport" name="test_timeline_export_csv" time="0.102" /><testcase classname="backend.tests.test_phase1_features.TestTimelineExport" name="test_timeline_export_csv_filter" time="0.109" /><testcase classname="backend.tests.test_phase1_features.TestKinshipGroups" name="test_kinship_groups_endpoint" time="0.498" /><testcase classname="backend.tests.test_phase1_features.TestKinshipGroups" name="test_kinship_groups_members_structure" time="0.112" /><testcase classname="backend.tests.test_phase1_features.TestRegressionEndpoints" name="test_auth_bootstrap" time="0.420"><failure message="assert 405 == 200&#10; +  where 405 = &lt;Response [405]&gt;.status_code">backend/tests/test_phase1_features.py:472: in test_auth_bootstrap
    assert response.status_code == 200
E   assert 405 == 200
E    +  where 405 = &lt;Response [405]&gt;.status_code</failure></testcase><testcase classname="backend.tests.test_phase1_features.TestRegressionEndpoints" name="test_polls_endpoint" time="0.099"><failure message="AssertionError: assert False&#10; +  where False = isinstance({'polls': []}, list)">backend/tests/test_phase1_features.py:482: in test_polls_endpoint
    assert isinstance(data, list)
E   AssertionError: assert False
E    +  where False = isinstance({'polls': []}, list)</failure></testcase><testcase classname="backend.tests.test_phase1_features.TestRegressionEndpoints" name="test_announcements_endpoint" time="0.101"><failure message="AssertionError: assert False&#10; +  where False = isinstance({'announcements': [], 'unread_before_view': 0}, list)">backend/tests/test_phase1_features.py:490: in test_announcements_endpoint
    assert isinstance(data, list)
E   AssertionError: assert False
E    +  where False = isinstance({'announcements': [], 'unread_before_view': 0}, list)</failure></testcase><testcase classname="backend.tests.test_phase1_features.TestRegressionEndpoints" name="test_subscriptions_plans" time="0.105" /><testcase classname="backend.tests.test_phase1_features.TestRegressionEndpoints" name="test_timeline_archive" time="0.116" /><testcase classname="backend.tests.test_phase1_features.TestRegressionEndpoints" name="test_events_list" time="0.100" /><testcase classname="backend.tests.test_phase1_features.TestRegressionEndpoints" name="test_memories_list" time="0.090" /><testcase classname="backend.tests.test_phase1_features.TestRegressionEndpoints" name="test_kinship_list" time="0.101" /><testcase classname="backend.tests.test_phase1_features.TestRegressionEndpoints" name="test_community_overview" time="0.105"><failure message="AssertionError: assert 'user' in {'community': {'community_type': 'community', 'created_at': '2026-03-15T06:17:33.348194+00:00', 'description': 'Testing the refactor', 'id': 'f7d0e8c9-8669-4d24-91c9-96ef141c004e', ...}, 'kinship_entries': [], 'members': [], 'notifications': [], ...}">backend/tests/test_phase1_features.py:539: in test_community_overview
    assert "user" in data
E   AssertionError: assert 'user' in {'community': {'community_type': 'community', 'created_at': '2026-03-15T06:17:33.348194+00:00', 'description': 'Testing the refactor', 'id': 'f7d0e8c9-8669-4d24-91c9-96ef141c004e', ...}, 'kinship_entries': [], 'members': [], 'notifications': [], ...}</failure></testcase></testsuite></testsuites>