<?xml version="1.0" encoding="utf-8"?><testsuites name="pytest tests"><testsuite name="pytest" errors="0" failures="0" skipped="0" tests="19" time="4.643" timestamp="2026-03-15T06:49:49.862601+00:00" hostname="agent-env-f1c9edb5-4ec8-4f79-8617-5bb536817c9b"><testcase classname="backend.tests.test_phase2_kinship_threads.TestPhase2KinshipAndThreads" name="test_kinship_graph_returns_structure" time="0.505" /><testcase classname="backend.tests.test_phase2_kinship_threads.TestPhase2KinshipAndThreads" name="test_kinship_list_returns_relationships" time="0.103" /><testcase classname="backend.tests.test_phase2_kinship_threads.TestPhase2KinshipAndThreads" name="test_create_kinship_relationship" time="0.103" /><testcase classname="backend.tests.test_phase2_kinship_threads.TestPhase2KinshipAndThreads" name="test_kinship_appears_in_graph_after_create" time="0.356" /><testcase classname="backend.tests.test_phase2_kinship_threads.TestPhase2KinshipAndThreads" name="test_delete_kinship_relationship" time="0.331" /><testcase classname="backend.tests.test_phase2_kinship_threads.TestPhase2KinshipAndThreads" name="test_delete_nonexistent_kinship_returns_404" time="0.112" /><testcase classname="backend.tests.test_phase2_kinship_threads.TestPhase2KinshipAndThreads" name="test_kinship_groups_returns_grouped_data" time="0.101" /><testcase classname="backend.tests.test_phase2_kinship_threads.TestPhase2KinshipAndThreads" name="test_kinship_groups_contain_created_relationships" time="0.328" /><testcase classname="backend.tests.test_phase2_kinship_threads.TestPhase2KinshipAndThreads" name="test_threads_list_returns_threads" time="0.105" /><testcase classname="backend.tests.test_phase2_kinship_threads.TestPhase2KinshipAndThreads" name="test_create_thread_with_category" time="0.109" /><testcase classname="backend.tests.test_phase2_kinship_threads.TestPhase2KinshipAndThreads" name="test_create_thread_different_categories" time="0.429" /><testcase classname="backend.tests.test_phase2_kinship_threads.TestPhase2KinshipAndThreads" name="test_thread_appears_in_list_after_create" time="0.229" /><testcase classname="backend.tests.test_phase2_kinship_threads.TestPhase2KinshipAndThreads" name="test_add_comment_to_thread" time="0.210" /><testcase classname="backend.tests.test_phase2_kinship_threads.TestPhase2KinshipAndThreads" name="test_add_multiple_comments_to_thread" time="0.535" /><testcase classname="backend.tests.test_phase2_kinship_threads.TestPhase2KinshipAndThreads" name="test_regression_auth_login_works" time="0.328" /><testcase classname="backend.tests.test_phase2_kinship_threads.TestPhase2KinshipAndThreads" name="test_regression_events_list_works" time="0.104" /><testcase classname="backend.tests.test_phase2_kinship_threads.TestPhase2KinshipAndThreads" name="test_regression_memories_list_works" time="0.102" /><testcase classname="backend.tests.test_phase2_kinship_threads.TestPhase2KinshipAndThreads" name="test_regression_activity_feed_works" time="0.109" /><testcase classname="backend.tests.test_phase2_kinship_threads.TestPhase2KinshipAndThreads" name="test_regression_timeline_export_works" time="0.301" /></testsuite></testsuites>