<?xml version="1.0" encoding="utf-8"?><testsuites name="pytest tests"><testsuite name="pytest" errors="0" failures="0" skipped="0" tests="17" time="2.353" timestamp="2026-03-15T06:58:23.682141+00:00" hostname="agent-env-f1c9edb5-4ec8-4f79-8617-5bb536817c9b"><testcase classname="backend.tests.test_phase3_multicourtyard.TestMultiCourtyardAPIs" name="test_01_communities_mine_endpoint" time="0.449" /><testcase classname="backend.tests.test_phase3_multicourtyard.TestMultiCourtyardAPIs" name="test_02_communities_switch_missing_id" time="0.061" /><testcase classname="backend.tests.test_phase3_multicourtyard.TestMultiCourtyardAPIs" name="test_03_communities_switch_invalid_id" time="0.057" /><testcase classname="backend.tests.test_phase3_multicourtyard.TestMultiCourtyardAPIs" name="test_04_communities_join_missing_code" time="0.054" /><testcase classname="backend.tests.test_phase3_multicourtyard.TestMultiCourtyardAPIs" name="test_05_communities_join_invalid_code" time="0.055" /><testcase classname="backend.tests.test_phase3_multicourtyard.TestNotificationPolling" name="test_01_notifications_unread_count" time="0.055" /><testcase classname="backend.tests.test_phase3_multicourtyard.TestNotificationPolling" name="test_02_notifications_history" time="0.058" /><testcase classname="backend.tests.test_phase3_multicourtyard.TestRegressionPhase3" name="test_01_auth_login" time="0.289" /><testcase classname="backend.tests.test_phase3_multicourtyard.TestRegressionPhase3" name="test_02_kinship_graph" time="0.055" /><testcase classname="backend.tests.test_phase3_multicourtyard.TestRegressionPhase3" name="test_03_threads_list" time="0.055" /><testcase classname="backend.tests.test_phase3_multicourtyard.TestRegressionPhase3" name="test_04_activity_page_load" time="0.065" /><testcase classname="backend.tests.test_phase3_multicourtyard.TestRegressionPhase3" name="test_05_timeline_memories_threads" time="0.112" /><testcase classname="backend.tests.test_phase3_multicourtyard.TestRegressionPhase3" name="test_06_timeline_export" time="0.064" /><testcase classname="backend.tests.test_phase3_multicourtyard.TestRegressionPhase3" name="test_07_events_list" time="0.092" /><testcase classname="backend.tests.test_phase3_multicourtyard.TestRegressionPhase3" name="test_08_memories_list" time="0.057" /><testcase classname="backend.tests.test_phase3_multicourtyard.TestRegressionPhase3" name="test_09_courtyard_home" time="0.060" /><testcase classname="backend.tests.test_phase3_multicourtyard.TestBootstrapWithCommunityIds" name="test_01_bootstrap_creates_community_ids" time="0.632" /></testsuite></testsuites>