<?xml version="1.0" encoding="utf-8"?><testsuites name="pytest tests"><testsuite name="pytest" errors="0" failures="0" skipped="0" tests="24" time="3.391" timestamp="2026-03-15T03:47:21.983713+00:00" hostname="agent-env-d1161b36-d3ef-45eb-b104-ae7bb931bbe8"><testcase classname="backend.tests.test_polls_and_db_optimization.TestPollsList" name="test_list_polls_returns_200" time="0.642" /><testcase classname="backend.tests.test_polls_and_db_optimization.TestPollsList" name="test_polls_have_vote_count_per_option" time="0.074" /><testcase classname="backend.tests.test_polls_and_db_optimization.TestPollsList" name="test_polls_have_voted_by_me_per_option" time="0.074" /><testcase classname="backend.tests.test_polls_and_db_optimization.TestPollsList" name="test_polls_hide_voter_ids" time="0.092" /><testcase classname="backend.tests.test_polls_and_db_optimization.TestPollsList" name="test_polls_have_total_votes" time="0.097" /><testcase classname="backend.tests.test_polls_and_db_optimization.TestPollCreate" name="test_create_poll_success" time="0.158" /><testcase classname="backend.tests.test_polls_and_db_optimization.TestPollCreate" name="test_create_poll_requires_min_2_options" time="0.078" /><testcase classname="backend.tests.test_polls_and_db_optimization.TestPollCreate" name="test_create_poll_allows_multiple_option" time="0.070" /><testcase classname="backend.tests.test_polls_and_db_optimization.TestPollVote" name="test_vote_on_poll_success" time="0.145" /><testcase classname="backend.tests.test_polls_and_db_optimization.TestPollVote" name="test_vote_on_nonexistent_poll_returns_404" time="0.074" /><testcase classname="backend.tests.test_polls_and_db_optimization.TestPollVote" name="test_vote_with_invalid_option_returns_400" time="0.073" /><testcase classname="backend.tests.test_polls_and_db_optimization.TestPollSingleSelectEnforcement" name="test_single_select_rejects_multiple_votes" time="0.137" /><testcase classname="backend.tests.test_polls_and_db_optimization.TestPollClose" name="test_close_poll_success" time="0.150" /><testcase classname="backend.tests.test_polls_and_db_optimization.TestPollClose" name="test_vote_on_closed_poll_returns_error" time="0.152" /><testcase classname="backend.tests.test_polls_and_db_optimization.TestPollDelete" name="test_delete_poll_success" time="0.219" /><testcase classname="backend.tests.test_polls_and_db_optimization.TestPollDelete" name="test_delete_nonexistent_poll_returns_404" time="0.073" /><testcase classname="backend.tests.test_polls_and_db_optimization.TestDBOptimizationCourtyardHome" name="test_courtyard_home_returns_funds_total" time="0.082" /><testcase classname="backend.tests.test_polls_and_db_optimization.TestDBOptimizationCourtyardHome" name="test_courtyard_home_response_structure" time="0.077" /><testcase classname="backend.tests.test_polls_and_db_optimization.TestDBOptimizationPaymentsSummary" name="test_payments_summary_returns_total_paid" time="0.081" /><testcase classname="backend.tests.test_polls_and_db_optimization.TestDBOptimizationPaymentsSummary" name="test_payments_summary_includes_transactions" time="0.075" /><testcase classname="backend.tests.test_polls_and_db_optimization.TestDBOptimizationPaymentsSummary" name="test_payments_summary_includes_packages" time="0.072" /><testcase classname="backend.tests.test_polls_and_db_optimization.TestDBOptimizationCommunityOverview" name="test_community_overview_returns_funds_raised" time="0.074" /><testcase classname="backend.tests.test_polls_and_db_optimization.TestDBOptimizationCommunityOverview" name="test_community_overview_complete_stats" time="0.078" /><testcase classname="backend.tests.test_polls_and_db_optimization.TestCleanup" name="test_cleanup_test_polls" time="0.438" /></testsuite></testsuites>