<?xml version="1.0" encoding="utf-8"?><testsuites name="pytest tests"><testsuite name="pytest" errors="0" failures="0" skipped="0" tests="11" time="5.522" timestamp="2026-03-14T23:37:45.927562+00:00" hostname="agent-env-c1d03fd0-7e26-4891-bc91-725da3a32ba0"><testcase classname="backend.tests.test_gathering_cypher_api" name="test_api_root_health" time="0.861" /><testcase classname="backend.tests.test_gathering_cypher_api" name="test_auth_bootstrap_context" time="0.317" /><testcase classname="backend.tests.test_gathering_cypher_api" name="test_auth_login_and_me" time="0.363" /><testcase classname="backend.tests.test_gathering_cypher_api" name="test_members_and_invites_flow" time="0.504" /><testcase classname="backend.tests.test_gathering_cypher_api" name="test_events_hub_end_to_end" time="0.551" /><testcase classname="backend.tests.test_gathering_cypher_api" name="test_courtyard_home_structure_subyards_and_kinship" time="0.242" /><testcase classname="backend.tests.test_gathering_cypher_api" name="test_gatherings_templates_checklist_toggle_and_travel" time="0.392" /><testcase classname="backend.tests.test_gathering_cypher_api" name="test_timeline_archive_funds_overview_and_settings" time="0.578" /><testcase classname="backend.tests.test_gathering_cypher_api" name="test_memory_vault_create_ai_tags_and_comment" time="0.623" /><testcase classname="backend.tests.test_gathering_cypher_api" name="test_legacy_threads_create_and_comment" time="0.234" /><testcase classname="backend.tests.test_gathering_cypher_api" name="test_contributions_summary_and_checkout_init" time="0.697" /></testsuite></testsuites>