<?xml version="1.0" encoding="utf-8"?><testsuites name="pytest tests"><testsuite name="pytest" errors="0" failures="0" skipped="0" tests="14" time="5.787" timestamp="2026-03-15T00:11:19.397552+00:00" hostname="agent-env-c1d03fd0-7e26-4891-bc91-725da3a32ba0"><testcase classname="backend.tests.test_gathering_cypher_api" name="test_api_root_health" time="0.271" /><testcase classname="backend.tests.test_gathering_cypher_api" name="test_auth_bootstrap_context" time="0.321" /><testcase classname="backend.tests.test_gathering_cypher_api" name="test_auth_login_and_me" time="0.364" /><testcase classname="backend.tests.test_gathering_cypher_api" name="test_members_and_invites_flow" time="0.498" /><testcase classname="backend.tests.test_gathering_cypher_api" name="test_events_hub_end_to_end" time="0.571" /><testcase classname="backend.tests.test_gathering_cypher_api" name="test_courtyard_home_structure_subyards_and_kinship" time="0.265" /><testcase classname="backend.tests.test_gathering_cypher_api" name="test_gatherings_templates_checklist_toggle_and_travel" time="0.429" /><testcase classname="backend.tests.test_gathering_cypher_api" name="test_timeline_archive_funds_overview_and_settings" time="0.412" /><testcase classname="backend.tests.test_gathering_cypher_api" name="test_memory_vault_create_ai_tags_and_comment" time="0.533" /><testcase classname="backend.tests.test_gathering_cypher_api" name="test_legacy_threads_create_and_comment" time="0.202" /><testcase classname="backend.tests.test_gathering_cypher_api" name="test_contributions_summary_and_checkout_init" time="0.770" /><testcase classname="backend.tests.test_recurrence_announcements_chat" name="test_create_weekly_recurring_event_generates_instances" time="0.500" /><testcase classname="backend.tests.test_recurrence_announcements_chat" name="test_announcement_with_attachment_and_comment" time="0.200" /><testcase classname="backend.tests.test_recurrence_announcements_chat" name="test_chat_room_send_attachment_pin_and_comment" time="0.341" /></testsuite></testsuites>