<?xml version="1.0" encoding="utf-8"?><testsuites name="pytest tests"><testsuite name="pytest" errors="0" failures="0" skipped="0" tests="38" time="3.873" timestamp="2026-03-15T06:22:01.130948+00:00" hostname="agent-env-f1c9edb5-4ec8-4f79-8617-5bb536817c9b"><testcase classname="backend.tests.test_backend_refactor_regression.TestAPIHealth" name="test_api_root_returns_ready" time="0.146" /><testcase classname="backend.tests.test_backend_refactor_regression.TestAuthRoutes" name="test_login_success" time="0.304" /><testcase classname="backend.tests.test_backend_refactor_regression.TestAuthRoutes" name="test_login_invalid_credentials" time="0.273" /><testcase classname="backend.tests.test_backend_refactor_regression.TestAuthRoutes" name="test_auth_me_requires_token" time="0.115" /><testcase classname="backend.tests.test_backend_refactor_regression.TestAuthRoutes" name="test_auth_me_returns_user" time="0.322" /><testcase classname="backend.tests.test_backend_refactor_regression.TestCommunityRoutes" name="test_community_overview" time="0.061" /><testcase classname="backend.tests.test_backend_refactor_regression.TestCommunityRoutes" name="test_courtyard_home" time="0.057" /><testcase classname="backend.tests.test_backend_refactor_regression.TestCommunityRoutes" name="test_courtyard_structure" time="0.054" /><testcase classname="backend.tests.test_backend_refactor_regression.TestCommunityRoutes" name="test_community_members_list" time="0.049" /><testcase classname="backend.tests.test_backend_refactor_regression.TestEventsRoutes" name="test_list_events" time="0.049" /><testcase classname="backend.tests.test_backend_refactor_regression.TestEventsRoutes" name="test_create_event" time="0.050" /><testcase classname="backend.tests.test_backend_refactor_regression.TestEventsRoutes" name="test_rsvp_to_event" time="0.101" /><testcase classname="backend.tests.test_backend_refactor_regression.TestEventsRoutes" name="test_gathering_templates" time="0.050" /><testcase classname="backend.tests.test_backend_refactor_regression.TestCommunicationsRoutes" name="test_list_announcements" time="0.050" /><testcase classname="backend.tests.test_backend_refactor_regression.TestCommunicationsRoutes" name="test_create_announcement" time="0.052" /><testcase classname="backend.tests.test_backend_refactor_regression.TestCommunicationsRoutes" name="test_chat_rooms_list" time="0.052" /><testcase classname="backend.tests.test_backend_refactor_regression.TestCommunicationsRoutes" name="test_notifications_history" time="0.048" /><testcase classname="backend.tests.test_backend_refactor_regression.TestCommunicationsRoutes" name="test_notifications_unread_count" time="0.058" /><testcase classname="backend.tests.test_backend_refactor_regression.TestPollsRoutes" name="test_list_polls" time="0.052" /><testcase classname="backend.tests.test_backend_refactor_regression.TestPollsRoutes" name="test_create_poll" time="0.050" /><testcase classname="backend.tests.test_backend_refactor_regression.TestPollsRoutes" name="test_vote_on_poll" time="0.105" /><testcase classname="backend.tests.test_backend_refactor_regression.TestSubscriptionsRoutes" name="test_subscription_plans" time="0.054" /><testcase classname="backend.tests.test_backend_refactor_regression.TestSubscriptionsRoutes" name="test_current_subscription" time="0.048" /><testcase classname="backend.tests.test_backend_refactor_regression.TestSubscriptionsRoutes" name="test_feature_check" time="0.047" /><testcase classname="backend.tests.test_backend_refactor_regression.TestTimelineRoutes" name="test_timeline_archive" time="0.049" /><testcase classname="backend.tests.test_backend_refactor_regression.TestTimelineRoutes" name="test_list_memories" time="0.049" /><testcase classname="backend.tests.test_backend_refactor_regression.TestTimelineRoutes" name="test_create_memory" time="0.436" /><testcase classname="backend.tests.test_backend_refactor_regression.TestFinanceRoutes" name="test_travel_plans_list" time="0.048" /><testcase classname="backend.tests.test_backend_refactor_regression.TestFinanceRoutes" name="test_create_travel_plan" time="0.048" /><testcase classname="backend.tests.test_backend_refactor_regression.TestFinanceRoutes" name="test_budget_plans_list" time="0.053" /><testcase classname="backend.tests.test_backend_refactor_regression.TestFinanceRoutes" name="test_create_budget_plan" time="0.051" /><testcase classname="backend.tests.test_backend_refactor_regression.TestFinanceRoutes" name="test_funds_travel_overview" time="0.052" /><testcase classname="backend.tests.test_backend_refactor_regression.TestLegacyRoutes" name="test_legacy_table_status" time="0.052" /><testcase classname="backend.tests.test_backend_refactor_regression.TestInvitesRoutes" name="test_list_invites" time="0.056" /><testcase classname="backend.tests.test_backend_refactor_regression.TestInvitesRoutes" name="test_create_invite" time="0.052" /><testcase classname="backend.tests.test_backend_refactor_regression.TestSubyardsKinshipRoutes" name="test_list_subyards" time="0.053" /><testcase classname="backend.tests.test_backend_refactor_regression.TestSubyardsKinshipRoutes" name="test_list_kinship" time="0.050" /><testcase classname="backend.tests.test_backend_refactor_regression.TestCleanup" name="test_cleanup_test_data" time="0.509" /></testsuite></testsuites>