<?xml version="1.0" encoding="utf-8"?><testsuites name="pytest tests"><testsuite name="pytest" errors="0" failures="0" skipped="0" tests="28" time="3.787" timestamp="2026-03-15T07:56:10.128737+00:00" hostname="agent-env-f1c9edb5-4ec8-4f79-8617-5bb536817c9b"><testcase classname="backend.tests.test_revenuecat_pwa.TestRevenueCatConfig" name="test_revenuecat_config_returns_bundle_id" time="0.144" /><testcase classname="backend.tests.test_revenuecat_pwa.TestRevenueCatConfig" name="test_revenuecat_config_entitlement_ids" time="0.094" /><testcase classname="backend.tests.test_revenuecat_pwa.TestRevenueCatConfig" name="test_revenuecat_config_webhook_url" time="0.104" /><testcase classname="backend.tests.test_revenuecat_pwa.TestRevenueCatStatus" name="test_revenuecat_status_configured" time="0.486" /><testcase classname="backend.tests.test_revenuecat_pwa.TestRevenueCatOfferings" name="test_revenuecat_offerings_returns_data" time="0.215" /><testcase classname="backend.tests.test_revenuecat_pwa.TestRevenueCatRestore" name="test_revenuecat_restore_returns_result" time="0.193" /><testcase classname="backend.tests.test_revenuecat_pwa.TestRevenueCatWebhook" name="test_webhook_handles_event_without_user" time="0.093" /><testcase classname="backend.tests.test_revenuecat_pwa.TestRevenueCatWebhook" name="test_webhook_handles_unknown_user" time="0.094" /><testcase classname="backend.tests.test_revenuecat_pwa.TestPWAManifest" name="test_manifest_accessible" time="0.098" /><testcase classname="backend.tests.test_revenuecat_pwa.TestPWAManifest" name="test_manifest_app_name" time="0.096" /><testcase classname="backend.tests.test_revenuecat_pwa.TestPWAManifest" name="test_manifest_bundle_id" time="0.108" /><testcase classname="backend.tests.test_revenuecat_pwa.TestPWAManifest" name="test_manifest_icons" time="0.099" /><testcase classname="backend.tests.test_revenuecat_pwa.TestPWAManifest" name="test_manifest_display_standalone" time="0.100" /><testcase classname="backend.tests.test_revenuecat_pwa.TestPWAManifest" name="test_manifest_theme_color" time="0.104" /><testcase classname="backend.tests.test_revenuecat_pwa.TestPWAServiceWorker" name="test_sw_accessible" time="0.118" /><testcase classname="backend.tests.test_revenuecat_pwa.TestPWAServiceWorker" name="test_sw_has_install_handler" time="0.100" /><testcase classname="backend.tests.test_revenuecat_pwa.TestPWAServiceWorker" name="test_sw_has_fetch_handler" time="0.106" /><testcase classname="backend.tests.test_revenuecat_pwa.TestPWAServiceWorker" name="test_sw_has_offline_fallback" time="0.102" /><testcase classname="backend.tests.test_revenuecat_pwa.TestPWAOfflinePage" name="test_offline_page_accessible" time="0.099" /><testcase classname="backend.tests.test_revenuecat_pwa.TestPWAOfflinePage" name="test_offline_page_content" time="0.106" /><testcase classname="backend.tests.test_revenuecat_pwa.TestPWAOfflinePage" name="test_offline_page_has_icon" time="0.094" /><testcase classname="backend.tests.test_revenuecat_pwa.TestRegressionAuth" name="test_login" time="0.318" /><testcase classname="backend.tests.test_revenuecat_pwa.TestRegressionActivityFeed" name="test_activity_feed" time="0.112" /><testcase classname="backend.tests.test_revenuecat_pwa.TestRegressionGatherings" name="test_gatherings_list" time="0.095" /><testcase classname="backend.tests.test_revenuecat_pwa.TestRegressionMemories" name="test_memories_list" time="0.098" /><testcase classname="backend.tests.test_revenuecat_pwa.TestRegressionKinshipMap" name="test_kinship_graph" time="0.099" /><testcase classname="backend.tests.test_revenuecat_pwa.TestRegressionAddons" name="test_addons_catalog" time="0.110" /><testcase classname="backend.tests.test_revenuecat_pwa.TestRegressionSubscriptionPlans" name="test_subscription_current" time="0.113" /></testsuite></testsuites>