<?xml version="1.0" encoding="utf-8"?><testsuites name="pytest tests"><testsuite name="pytest" errors="0" failures="0" skipped="0" tests="18" time="4.809" timestamp="2026-03-15T05:54:45.531484+00:00" hostname="agent-env-9d19e388-db5b-46ce-b810-8415e04052cc"><testcase classname="tests.test_subscriptions.TestSubscriptionEndpoints" name="test_get_plans_returns_five_plans" time="0.510" /><testcase classname="tests.test_subscriptions.TestSubscriptionEndpoints" name="test_get_plans_has_correct_prices" time="0.112" /><testcase classname="tests.test_subscriptions.TestSubscriptionEndpoints" name="test_get_plans_has_features_and_limits" time="0.105" /><testcase classname="tests.test_subscriptions.TestSubscriptionEndpoints" name="test_get_current_subscription_defaults_to_seedling" time="0.107" /><testcase classname="tests.test_subscriptions.TestSubscriptionEndpoints" name="test_get_current_subscription_requires_auth" time="0.107" /><testcase classname="tests.test_subscriptions.TestSubscriptionEndpoints" name="test_checkout_creates_session_and_returns_url" time="0.688" /><testcase classname="tests.test_subscriptions.TestSubscriptionEndpoints" name="test_checkout_blocks_non_host_users" time="0.548" /><testcase classname="tests.test_subscriptions.TestSubscriptionEndpoints" name="test_checkout_returns_400_for_invalid_plan" time="0.103" /><testcase classname="tests.test_subscriptions.TestSubscriptionEndpoints" name="test_checkout_returns_400_for_elder_grove" time="0.113" /><testcase classname="tests.test_subscriptions.TestSubscriptionEndpoints" name="test_checkout_works_with_annual_billing" time="0.471" /><testcase classname="tests.test_subscriptions.TestSubscriptionEndpoints" name="test_checkout_status_returns_404_for_invalid_session" time="0.113" /><testcase classname="tests.test_subscriptions.TestSubscriptionEndpoints" name="test_checkout_status_returns_status_for_valid_session" time="0.876" /><testcase classname="tests.test_subscriptions.TestSubscriptionEndpoints" name="test_cancel_requires_auth" time="0.097" /><testcase classname="tests.test_subscriptions.TestSubscriptionEndpoints" name="test_cancel_returns_400_when_no_active_subscription" time="0.115" /><testcase classname="tests.test_subscriptions.TestSubscriptionEndpoints" name="test_cancel_blocks_non_host_users" time="0.109" /><testcase classname="tests.test_subscriptions.TestSubscriptionEndpoints" name="test_feature_check_returns_correct_access_for_seedling" time="0.312" /><testcase classname="tests.test_subscriptions.TestSubscriptionEndpoints" name="test_feature_check_returns_max_subyards_limit" time="0.100" /><testcase classname="tests.test_subscriptions.TestSubscriptionEndpoints" name="test_feature_check_requires_auth" time="0.105" /></testsuite></testsuites>